#-----------------------------------------------------------
# Vivado v2020.1 (64-bit)
# SW Build 2902540 on Wed May 27 19:54:49 MDT 2020
# IP Build 2902112 on Wed May 27 22:43:36 MDT 2020
# Start of session at: Fri Oct 14 16:42:25 2022
# Process ID: 18036
# Current directory: C:/Users/access-user/Desktop/HLS/LabA/lab1/dct_prj/solution6/sim/verilog
# Command line: vivado.exe -source open_wave.tcl
# Log file: C:/Users/access-user/Desktop/HLS/LabA/lab1/dct_prj/solution6/sim/verilog/vivado.log
# Journal file: C:/Users/access-user/Desktop/HLS/LabA/lab1/dct_prj/solution6/sim/verilog\vivado.jou
#-----------------------------------------------------------
start_gui
source open_wave.tcl
# current_fileset
INFO: [IP_Flow 19-234] Refreshing IP repositories
INFO: [IP_Flow 19-1704] No user IP repositories specified
INFO: [IP_Flow 19-2313] Loaded Vivado IP repository 'C:/Xilinx/Vivado/2020.1/data/ip'.
current_fileset: Time (s): cpu = 00:00:10 ; elapsed = 00:00:07 . Memory (MB): peak = 1096.551 ; gain = 0.000
# open_wave_database dct.wdb
open_wave_config C:/Users/access-user/Desktop/HLS/LabA/lab1/dct_prj/solution6/sim/verilog/dct.wcfg
