==============================================================
Vivado(TM) HLS - High-Level Synthesis from C, C++ and SystemC v2020.1 (64-bit)
Copyright 1986-2020 Xilinx, Inc. All Rights Reserved.
==============================================================
INFO: [SYN 201-201] Setting up clock 'default' with a period of 8ns.
INFO: [HLS 200-10] Setting target device to 'xcvu9p-flgb2104-1-e'
INFO: [SCHED 204-61] Option 'relax_ii_for_timing' is enabled, will increase II to preserve clock frequency constraints.
INFO: [HLS 200-10] Analyzing design file 'dct.cpp' ... 
INFO: [HLS 200-111] Finished Linking Time (s): cpu = 00:00:04 ; elapsed = 00:00:12 . Memory (MB): peak = 1028.062 ; gain = 931.801
INFO: [HLS 200-111] Finished Checking Pragmas Time (s): cpu = 00:00:04 ; elapsed = 00:00:12 . Memory (MB): peak = 1028.062 ; gain = 931.801
INFO: [HLS 200-10] Starting code transformations ...
INFO: [HLS 200-111] Finished Standard Transforms Time (s): cpu = 00:00:04 ; elapsed = 00:00:13 . Memory (MB): peak = 1028.062 ; gain = 931.801
INFO: [HLS 200-10] Checking synthesizability ...
INFO: [HLS 200-111] Finished Checking Synthesizability Time (s): cpu = 00:00:05 ; elapsed = 00:00:13 . Memory (MB): peak = 1028.062 ; gain = 931.801
INFO: [XFORM 203-502] Unrolling all sub-loops inside loop 'DCT_Outer_Loop' (dct.cpp:55) in function 'dct_1d' for pipelining.
INFO: [HLS 200-489] Unrolling loop 'DCT_Inner_Loop' (dct.cpp:59) in function 'dct_1d' completely with a factor of 8.
INFO: [XFORM 203-102] Partitioning array 'dct_coeff_table' in dimension 2 automatically.
INFO: [XFORM 203-101] Partitioning array 'buf_2d_in' (dct.cpp:124) in dimension 2 completely.
INFO: [XFORM 203-101] Partitioning array 'col_inbuf' (dct.cpp:71) in dimension 2 completely.
WARNING: [XFORM 203-713] All the elements of global array 'buf_2d_in[0]' should be updated in process function 'read_data', otherwise it may not be synthesized correctly.
WARNING: [XFORM 203-713] All the elements of global array 'buf_2d_in[1]' should be updated in process function 'read_data', otherwise it may not be synthesized correctly.
WARNING: [XFORM 203-713] All the elements of global array 'buf_2d_in[2]' should be updated in process function 'read_data', otherwise it may not be synthesized correctly.
WARNING: [XFORM 203-713] All the elements of global array 'buf_2d_in[3]' should be updated in process function 'read_data', otherwise it may not be synthesized correctly.
WARNING: [XFORM 203-713] All the elements of global array 'buf_2d_in[4]' should be updated in process function 'read_data', otherwise it may not be synthesized correctly.
WARNING: [XFORM 203-713] All the elements of global array 'buf_2d_in[5]' should be updated in process function 'read_data', otherwise it may not be synthesized correctly.
WARNING: [XFORM 203-713] All the elements of global array 'buf_2d_in[6]' should be updated in process function 'read_data', otherwise it may not be synthesized correctly.
WARNING: [XFORM 203-713] All the elements of global array 'buf_2d_in[7]' should be updated in process function 'read_data', otherwise it may not be synthesized correctly.
INFO: [XFORM 203-712] Applying dataflow to function 'dct', detected/extracted 3 process function(s): 
	 'read_data'
	 'dct_2d'
	 'write_data'.
INFO: [XFORM 203-11] Balancing expressions in function 'dct_1d' (dct.cpp:48)...8 expression(s) balanced.
INFO: [HLS 200-111] Finished Pre-synthesis Time (s): cpu = 00:00:05 ; elapsed = 00:00:14 . Memory (MB): peak = 1028.062 ; gain = 931.801
INFO: [XFORM 203-541] Flattening a loop nest 'WR_Loop_Row' (dct.cpp:115:29) in function 'write_data'.
INFO: [XFORM 203-541] Flattening a loop nest 'RD_Loop_Row' (dct.cpp:103:29) in function 'read_data'.
INFO: [XFORM 203-541] Flattening a loop nest 'Xpose_Row_Outer_Loop' (dct.cpp:82:1) in function 'dct_2d'.
INFO: [XFORM 203-541] Flattening a loop nest 'Xpose_Col_Outer_Loop' (dct.cpp:93:1) in function 'dct_2d'.
INFO: [HLS 200-472] Inferring partial write operation for 'buf[0]' (dct.cpp:106:10)
INFO: [HLS 200-472] Inferring partial write operation for 'out_block' (dct.cpp:95:10)
INFO: [HLS 200-472] Inferring partial write operation for 'col_inbuf[0]' (dct.cpp:84:10)
INFO: [HLS 200-472] Inferring partial write operation for 'dst' (dct.cpp:63:7)
INFO: [HLS 200-111] Finished Architecture Synthesis Time (s): cpu = 00:00:06 ; elapsed = 00:00:15 . Memory (MB): peak = 1028.062 ; gain = 931.801
INFO: [HLS 200-10] Starting hardware synthesis ...
INFO: [HLS 200-10] Synthesizing 'dct' ...
WARNING: [SYN 201-107] Renaming port name 'dct/input' to 'dct/input_r' to avoid the conflict with HDL keywords or other object names.
WARNING: [SYN 201-107] Renaming port name 'dct/output' to 'dct/output_r' to avoid the conflict with HDL keywords or other object names.
INFO: [HLS 200-10] ----------------------------------------------------------------
INFO: [HLS 200-42] -- Implementing module 'read_data' 
INFO: [HLS 200-10] ----------------------------------------------------------------
INFO: [SCHED 204-11] Starting scheduling ...
INFO: [SCHED 204-61] Pipelining loop 'RD_Loop_Row_RD_Loop_Col'.
INFO: [SCHED 204-61] Pipelining result : Target II = 1, Final II = 1, Depth = 2.
INFO: [SCHED 204-11] Finished scheduling.
INFO: [HLS 200-111]  Elapsed time: 14.718 seconds; current allocated memory: 209.850 MB.
INFO: [BIND 205-100] Starting micro-architecture generation ...
INFO: [BIND 205-101] Performing variable lifetime analysis.
INFO: [BIND 205-101] Exploring resource sharing.
INFO: [BIND 205-101] Binding ...
INFO: [BIND 205-100] Finished micro-architecture generation.
INFO: [HLS 200-111]  Elapsed time: 0.125 seconds; current allocated memory: 210.065 MB.
INFO: [HLS 200-10] ----------------------------------------------------------------
INFO: [HLS 200-42] -- Implementing module 'dct_1d' 
INFO: [HLS 200-10] ----------------------------------------------------------------
INFO: [SCHED 204-11] Starting scheduling ...
INFO: [SCHED 204-61] Pipelining loop 'DCT_Outer_Loop'.
INFO: [SCHED 204-61] Pipelining result : Target II = 1, Final II = 1, Depth = 3.
INFO: [SCHED 204-11] Finished scheduling.
INFO: [HLS 200-111]  Elapsed time: 0.184 seconds; current allocated memory: 210.388 MB.
INFO: [BIND 205-100] Starting micro-architecture generation ...
INFO: [BIND 205-101] Performing variable lifetime analysis.
INFO: [BIND 205-101] Exploring resource sharing.
INFO: [BIND 205-101] Binding ...
INFO: [BIND 205-100] Finished micro-architecture generation.
INFO: [HLS 200-111]  Elapsed time: 0.185 seconds; current allocated memory: 210.687 MB.
INFO: [HLS 200-10] ----------------------------------------------------------------
INFO: [HLS 200-42] -- Implementing module 'dct_2d' 
INFO: [HLS 200-10] ----------------------------------------------------------------
INFO: [SCHED 204-11] Starting scheduling ...
INFO: [SCHED 204-61] Pipelining loop 'Xpose_Row_Outer_Loop_Xpose_Row_Inner_Loop'.
INFO: [SCHED 204-61] Pipelining result : Target II = 1, Final II = 1, Depth = 2.
INFO: [SCHED 204-61] Pipelining loop 'Xpose_Col_Outer_Loop_Xpose_Col_Inner_Loop'.
INFO: [SCHED 204-61] Pipelining result : Target II = 1, Final II = 1, Depth = 2.
INFO: [SCHED 204-11] Finished scheduling.
INFO: [HLS 200-111]  Elapsed time: 0.312 seconds; current allocated memory: 211.040 MB.
INFO: [BIND 205-100] Starting micro-architecture generation ...
INFO: [BIND 205-101] Performing variable lifetime analysis.
INFO: [BIND 205-101] Exploring resource sharing.
INFO: [BIND 205-101] Binding ...
INFO: [BIND 205-100] Finished micro-architecture generation.
INFO: [HLS 200-111]  Elapsed time: 0.218 seconds; current allocated memory: 211.440 MB.
INFO: [HLS 200-10] ----------------------------------------------------------------
INFO: [HLS 200-42] -- Implementing module 'write_data' 
INFO: [HLS 200-10] ----------------------------------------------------------------
INFO: [SCHED 204-11] Starting scheduling ...
INFO: [SCHED 204-61] Pipelining loop 'WR_Loop_Row_WR_Loop_Col'.
INFO: [SCHED 204-61] Pipelining result : Target II = 1, Final II = 1, Depth = 2.
INFO: [SCHED 204-11] Finished scheduling.
INFO: [HLS 200-111]  Elapsed time: 0.301 seconds; current allocated memory: 211.588 MB.
INFO: [BIND 205-100] Starting micro-architecture generation ...
INFO: [BIND 205-101] Performing variable lifetime analysis.
INFO: [BIND 205-101] Exploring resource sharing.
INFO: [BIND 205-101] Binding ...
INFO: [BIND 205-100] Finished micro-architecture generation.
INFO: [HLS 200-111]  Elapsed time: 0.172 seconds; current allocated memory: 211.715 MB.
INFO: [HLS 200-10] ----------------------------------------------------------------
INFO: [HLS 200-42] -- Implementing module 'dct' 
INFO: [HLS 200-10] ----------------------------------------------------------------
INFO: [SCHED 204-11] Starting scheduling ...
INFO: [SCHED 204-11] Finished scheduling.
INFO: [HLS 200-111]  Elapsed time: 0.177 seconds; current allocated memory: 211.764 MB.
INFO: [BIND 205-100] Starting micro-architecture generation ...
INFO: [BIND 205-101] Performing variable lifetime analysis.
INFO: [BIND 205-101] Exploring resource sharing.
INFO: [BIND 205-101] Binding ...
INFO: [BIND 205-100] Finished micro-architecture generation.
INFO: [HLS 200-111]  Elapsed time: 0.299 seconds; current allocated memory: 211.892 MB.
INFO: [HLS 200-10] ----------------------------------------------------------------
INFO: [HLS 200-10] -- Generating RTL for module 'read_data' 
INFO: [HLS 200-10] ----------------------------------------------------------------
INFO: [RTGEN 206-100] Finished creating RTL model for 'read_data'.
INFO: [HLS 200-111]  Elapsed time: 0.272 seconds; current allocated memory: 212.300 MB.
INFO: [HLS 200-10] ----------------------------------------------------------------
INFO: [HLS 200-10] -- Generating RTL for module 'dct_1d' 
INFO: [HLS 200-10] ----------------------------------------------------------------
INFO: [SYN 201-210] Renamed object name 'dct_1d_dct_coeff_table_0' to 'dct_1d_dct_coeff_bkb' due to the length limit 20
INFO: [SYN 201-210] Renamed object name 'dct_1d_dct_coeff_table_1' to 'dct_1d_dct_coeff_cud' due to the length limit 20
INFO: [SYN 201-210] Renamed object name 'dct_1d_dct_coeff_table_2' to 'dct_1d_dct_coeff_dEe' due to the length limit 20
INFO: [SYN 201-210] Renamed object name 'dct_1d_dct_coeff_table_3' to 'dct_1d_dct_coeff_eOg' due to the length limit 20
INFO: [SYN 201-210] Renamed object name 'dct_1d_dct_coeff_table_4' to 'dct_1d_dct_coeff_fYi' due to the length limit 20
INFO: [SYN 201-210] Renamed object name 'dct_1d_dct_coeff_table_5' to 'dct_1d_dct_coeff_g8j' due to the length limit 20
INFO: [SYN 201-210] Renamed object name 'dct_1d_dct_coeff_table_6' to 'dct_1d_dct_coeff_hbi' due to the length limit 20
INFO: [SYN 201-210] Renamed object name 'dct_1d_dct_coeff_table_7' to 'dct_1d_dct_coeff_ibs' due to the length limit 20
INFO: [SYN 201-210] Renamed object name 'dct_mul_mul_15s_16s_29_1_1' to 'dct_mul_mul_15s_1jbC' due to the length limit 20
INFO: [SYN 201-210] Renamed object name 'dct_mac_muladd_15s_16s_14ns_29_1_1' to 'dct_mac_muladd_15kbM' due to the length limit 20
INFO: [SYN 201-210] Renamed object name 'dct_mac_muladd_14ns_16s_29s_29_1_1' to 'dct_mac_muladd_14lbW' due to the length limit 20
INFO: [SYN 201-210] Renamed object name 'dct_mac_muladd_15s_16s_29s_29_1_1' to 'dct_mac_muladd_15mb6' due to the length limit 20
INFO: [RTGEN 206-100] Generating core module 'dct_mac_muladd_14lbW': 1 instance(s).
INFO: [RTGEN 206-100] Generating core module 'dct_mac_muladd_15kbM': 1 instance(s).
INFO: [RTGEN 206-100] Generating core module 'dct_mac_muladd_15mb6': 3 instance(s).
INFO: [RTGEN 206-100] Generating core module 'dct_mul_mul_15s_1jbC': 3 instance(s).
INFO: [RTGEN 206-100] Finished creating RTL model for 'dct_1d'.
INFO: [HLS 200-111]  Elapsed time: 0.539 seconds; current allocated memory: 213.774 MB.
INFO: [HLS 200-10] ----------------------------------------------------------------
INFO: [HLS 200-10] -- Generating RTL for module 'dct_2d' 
INFO: [HLS 200-10] ----------------------------------------------------------------
INFO: [RTGEN 206-100] Finished creating RTL model for 'dct_2d'.
INFO: [HLS 200-111]  Elapsed time: 0.493 seconds; current allocated memory: 215.762 MB.
INFO: [HLS 200-10] ----------------------------------------------------------------
INFO: [HLS 200-10] -- Generating RTL for module 'write_data' 
INFO: [HLS 200-10] ----------------------------------------------------------------
INFO: [RTGEN 206-100] Finished creating RTL model for 'write_data'.
INFO: [HLS 200-111]  Elapsed time: 0.575 seconds; current allocated memory: 217.652 MB.
INFO: [HLS 200-10] ----------------------------------------------------------------
INFO: [HLS 200-10] -- Generating RTL for module 'dct' 
INFO: [HLS 200-10] ----------------------------------------------------------------
INFO: [RTGEN 206-500] Setting interface mode on port 'dct/input_r' to 'ap_memory'.
INFO: [RTGEN 206-500] Setting interface mode on port 'dct/output_r' to 'ap_memory'.
INFO: [RTGEN 206-500] Setting interface mode on function 'dct' to 'ap_ctrl_hs'.
INFO: [RTGEN 206-100] Finished creating RTL model for 'dct'.
INFO: [HLS 200-111]  Elapsed time: 0.313 seconds; current allocated memory: 219.085 MB.
INFO: [HLS 200-790] **** Loop Constraint Status: All loop constraints were satisfied.
INFO: [HLS 200-789] **** Estimated Fmax: 144.84 MHz
INFO: [RTMG 210-279] Implementing memory 'dct_1d_dct_coeff_bkb_rom' using distributed ROMs.
INFO: [RTMG 210-279] Implementing memory 'dct_1d_dct_coeff_cud_rom' using distributed ROMs.
INFO: [RTMG 210-279] Implementing memory 'dct_1d_dct_coeff_dEe_rom' using distributed ROMs.
INFO: [RTMG 210-279] Implementing memory 'dct_1d_dct_coeff_eOg_rom' using distributed ROMs.
INFO: [RTMG 210-279] Implementing memory 'dct_1d_dct_coeff_fYi_rom' using distributed ROMs.
INFO: [RTMG 210-279] Implementing memory 'dct_1d_dct_coeff_g8j_rom' using distributed ROMs.
INFO: [RTMG 210-279] Implementing memory 'dct_1d_dct_coeff_hbi_rom' using distributed ROMs.
INFO: [RTMG 210-279] Implementing memory 'dct_1d_dct_coeff_ibs_rom' using distributed ROMs.
INFO: [RTMG 210-278] Implementing memory 'dct_2d_row_outbuf_ram (RAM)' using block RAMs.
INFO: [RTMG 210-278] Implementing memory 'dct_2d_col_inbuf_0_ram (RAM)' using distributed RAMs.
INFO: [HLS 200-741] Implementing PIPO dct_buf_2d_in_0_memcore using a single memory for all blocks
INFO: [RTMG 210-278] Implementing memory 'dct_buf_2d_in_0_memcore_ram (RAM)' using distributed RAMs.
INFO: [HLS 200-741] Implementing PIPO dct_buf_2d_out_memcore using a single memory for all blocks
INFO: [RTMG 210-278] Implementing memory 'dct_buf_2d_out_memcore_ram (RAM)' using block RAMs.
INFO: [HLS 200-741] Implementing PIPO dct_buf_2d_in_0_memcore using a single memory for all blocks
INFO: [HLS 200-741] Implementing PIPO dct_buf_2d_out_memcore using a single memory for all blocks
INFO: [HLS 200-741] Implementing PIPO dct_buf_2d_in_0_memcore using a single memory for all blocks
INFO: [HLS 200-741] Implementing PIPO dct_buf_2d_out_memcore using a single memory for all blocks
INFO: [HLS 200-111] Finished generating all RTL models Time (s): cpu = 00:00:15 ; elapsed = 00:00:25 . Memory (MB): peak = 1028.062 ; gain = 931.801
INFO: [VHDL 208-304] Generating VHDL RTL for dct.
INFO: [VLOG 209-307] Generating Verilog RTL for dct.
INFO: [HLS 200-112] Total elapsed time: 25.519 seconds; peak allocated memory: 219.085 MB.
